<?xml version="1.0" encoding="UTF-8"?>
<!-- Generated by org.testng.reporters.JUnitReportReporter -->
<testsuite hostname="LAPTOP-EQIUOTEH" failures="0" tests="1" name="TestingByjus.TestNgByjus" time="88.532" errors="0" timestamp="2022-12-04T21:09:16 IST" skipped="0">
  <testcase classname="TestingByjus.TestNgByjus" name="test1" time="88.532"/>
  <system-out/>
</testsuite> <!-- TestingByjus.TestNgByjus -->
